<?xml version="1.0" encoding="UTF-8"?>
<coverage generated="1674657590083" clover="3.2.0">
  <project timestamp="1674657590085" name="All files">
    <metrics statements="26" coveredstatements="26" conditionals="0" coveredconditionals="0" methods="10" coveredmethods="10" elements="36" coveredelements="36" complexity="0" loc="26" ncloc="26" packages="1" files="5" classes="5"/>
    <file name="completeTask.js" path="C:\Users\HP\Desktop\module 2\zewdu_testing\Todolist_best_practice\src\module\completeTask.js">
      <metrics statements="4" coveredstatements="4" conditionals="0" coveredconditionals="0" methods="3" coveredmethods="3"/>
      <line num="3" count="1" type="stmt"/>
      <line num="4" count="8" type="stmt"/>
      <line num="5" count="2" type="stmt"/>
      <line num="7" count="2" type="stmt"/>
    </file>
    <file name="createTask.js" path="C:\Users\HP\Desktop\module 2\zewdu_testing\Todolist_best_practice\src\module\createTask.js">
      <metrics statements="8" coveredstatements="8" conditionals="0" coveredconditionals="0" methods="1" coveredmethods="1"/>
      <line num="3" count="4" type="stmt"/>
      <line num="4" count="15" type="stmt"/>
      <line num="5" count="15" type="stmt"/>
      <line num="6" count="15" type="stmt"/>
      <line num="7" count="15" type="stmt"/>
      <line num="8" count="15" type="stmt"/>
      <line num="9" count="15" type="stmt"/>
      <line num="10" count="15" type="stmt"/>
    </file>
    <file name="deleteTask.js" path="C:\Users\HP\Desktop\module 2\zewdu_testing\Todolist_best_practice\src\module\deleteTask.js">
      <metrics statements="9" coveredstatements="9" conditionals="0" coveredconditionals="0" methods="3" coveredmethods="3"/>
      <line num="3" count="1" type="stmt"/>
      <line num="4" count="7" type="stmt"/>
      <line num="5" count="2" type="stmt"/>
      <line num="6" count="2" type="stmt"/>
      <line num="7" count="2" type="stmt"/>
      <line num="8" count="5" type="stmt"/>
      <line num="9" count="5" type="stmt"/>
      <line num="10" count="5" type="stmt"/>
      <line num="12" count="2" type="stmt"/>
    </file>
    <file name="taskStore.js" path="C:\Users\HP\Desktop\module 2\zewdu_testing\Todolist_best_practice\src\module\taskStore.js">
      <metrics statements="1" coveredstatements="1" conditionals="0" coveredconditionals="0" methods="0" coveredmethods="0"/>
      <line num="1" count="4" type="stmt"/>
    </file>
    <file name="updateTask.js" path="C:\Users\HP\Desktop\module 2\zewdu_testing\Todolist_best_practice\src\module\updateTask.js">
      <metrics statements="4" coveredstatements="4" conditionals="0" coveredconditionals="0" methods="3" coveredmethods="3"/>
      <line num="3" count="1" type="stmt"/>
      <line num="4" count="8" type="stmt"/>
      <line num="5" count="2" type="stmt"/>
      <line num="7" count="2" type="stmt"/>
    </file>
  </project>
</coverage>
