<?xml version="1.0" encoding="UTF-8"?>
<coverage generated="1674668984945" clover="3.2.0">
  <project timestamp="1674668984945" name="All files">
    <metrics statements="40" coveredstatements="40" conditionals="4" coveredconditionals="4" methods="13" coveredmethods="13" elements="57" coveredelements="57" complexity="0" loc="40" ncloc="40" packages="1" files="7" classes="7"/>
    <file name="clearAllCompleted.js" path="C:\Users\zewdu\Desktop\FILE\coding\microverse\module_two\Todolist_best_practice\src\module\clearAllCompleted.js">
      <metrics statements="11" coveredstatements="11" conditionals="4" coveredconditionals="4" methods="1" coveredmethods="1"/>
      <line num="5" count="1" type="stmt"/>
      <line num="6" count="2" type="stmt"/>
      <line num="7" count="2" type="stmt"/>
      <line num="8" count="6" type="cond" truecount="2" falsecount="0"/>
      <line num="9" count="2" type="stmt"/>
      <line num="12" count="2" type="stmt"/>
      <line num="13" count="2" type="stmt"/>
      <line num="14" count="4" type="cond" truecount="2" falsecount="0"/>
      <line num="15" count="2" type="stmt"/>
      <line num="16" count="2" type="stmt"/>
      <line num="20" count="2" type="stmt"/>
    </file>
    <file name="completeTask.js" path="C:\Users\zewdu\Desktop\FILE\coding\microverse\module_two\Todolist_best_practice\src\module\completeTask.js">
      <metrics statements="4" coveredstatements="4" conditionals="0" coveredconditionals="0" methods="3" coveredmethods="3"/>
      <line num="3" count="2" type="stmt"/>
      <line num="4" count="16" type="stmt"/>
      <line num="5" count="4" type="stmt"/>
      <line num="7" count="4" type="stmt"/>
    </file>
    <file name="createTask.js" path="C:\Users\zewdu\Desktop\FILE\coding\microverse\module_two\Todolist_best_practice\src\module\createTask.js">
      <metrics statements="8" coveredstatements="8" conditionals="0" coveredconditionals="0" methods="1" coveredmethods="1"/>
      <line num="3" count="6" type="stmt"/>
      <line num="4" count="23" type="stmt"/>
      <line num="5" count="23" type="stmt"/>
      <line num="6" count="23" type="stmt"/>
      <line num="7" count="23" type="stmt"/>
      <line num="8" count="23" type="stmt"/>
      <line num="9" count="23" type="stmt"/>
      <line num="10" count="23" type="stmt"/>
    </file>
    <file name="deleteTask.js" path="C:\Users\zewdu\Desktop\FILE\coding\microverse\module_two\Todolist_best_practice\src\module\deleteTask.js">
      <metrics statements="9" coveredstatements="9" conditionals="0" coveredconditionals="0" methods="3" coveredmethods="3"/>
      <line num="3" count="2" type="stmt"/>
      <line num="4" count="14" type="stmt"/>
      <line num="5" count="4" type="stmt"/>
      <line num="6" count="4" type="stmt"/>
      <line num="7" count="4" type="stmt"/>
      <line num="8" count="10" type="stmt"/>
      <line num="9" count="10" type="stmt"/>
      <line num="10" count="10" type="stmt"/>
      <line num="12" count="4" type="stmt"/>
    </file>
    <file name="localStorage.js" path="C:\Users\zewdu\Desktop\FILE\coding\microverse\module_two\Todolist_best_practice\src\module\localStorage.js">
      <metrics statements="3" coveredstatements="3" conditionals="0" coveredconditionals="0" methods="2" coveredmethods="2"/>
      <line num="1" count="2" type="stmt"/>
      <line num="2" count="4" type="stmt"/>
      <line num="4" count="2" type="stmt"/>
    </file>
    <file name="taskStore.js" path="C:\Users\zewdu\Desktop\FILE\coding\microverse\module_two\Todolist_best_practice\src\module\taskStore.js">
      <metrics statements="1" coveredstatements="1" conditionals="0" coveredconditionals="0" methods="0" coveredmethods="0"/>
      <line num="1" count="6" type="stmt"/>
    </file>
    <file name="updateTask.js" path="C:\Users\zewdu\Desktop\FILE\coding\microverse\module_two\Todolist_best_practice\src\module\updateTask.js">
      <metrics statements="4" coveredstatements="4" conditionals="0" coveredconditionals="0" methods="3" coveredmethods="3"/>
      <line num="3" count="1" type="stmt"/>
      <line num="4" count="8" type="stmt"/>
      <line num="5" count="2" type="stmt"/>
      <line num="7" count="2" type="stmt"/>
    </file>
  </project>
</coverage>
