{"C:\\Users\\zewdu\\Desktop\\FILE\\coding\\microverse\\module_two\\Todolist_best_practice\\src\\module\\createTask.js": {"path":"C:\\Users\\zewdu\\Desktop\\FILE\\coding\\microverse\\module_two\\Todolist_best_practice\\src\\module\\createTask.js","statementMap":{"0":{"start":{"line":3,"column":19},"end":{"line":11,"column":1}},"1":{"start":{"line":4,"column":15},"end":{"line":4,"column":17}},"2":{"start":{"line":5,"column":19},"end":{"line":5,"column":31}},"3":{"start":{"line":6,"column":2},"end":{"line":6,"column":33}},"4":{"start":{"line":7,"column":2},"end":{"line":7,"column":25}},"5":{"start":{"line":8,"column":2},"end":{"line":8,"column":28}},"6":{"start":{"line":9,"column":2},"end":{"line":9,"column":19}},"7":{"start":{"line":10,"column":2},"end":{"line":10,"column":15}}},"fnMap":{"0":{"name":"(anonymous_0)","decl":{"start":{"line":3,"column":19},"end":{"line":3,"column":20}},"loc":{"start":{"line":3,"column":36},"end":{"line":11,"column":1}},"line":3}},"branchMap":{},"s":{"0":1,"1":3,"2":3,"3":3,"4":3,"5":3,"6":3,"7":3},"f":{"0":3},"b":{},"_coverageSchema":"1a1c01bbd47fc00a2c39e90264f33305004495a9","hash":"f76529e64a501a373aca440c1090a309d449d806"}
,"C:\\Users\\zewdu\\Desktop\\FILE\\coding\\microverse\\module_two\\Todolist_best_practice\\src\\module\\taskStore.js": {"path":"C:\\Users\\zewdu\\Desktop\\FILE\\coding\\microverse\\module_two\\Todolist_best_practice\\src\\module\\taskStore.js","statementMap":{"0":{"start":{"line":1,"column":14},"end":{"line":1,"column":16}}},"fnMap":{},"branchMap":{},"s":{"0":1},"f":{},"b":{},"_coverageSchema":"1a1c01bbd47fc00a2c39e90264f33305004495a9","hash":"ad83181f5d7ef3145a4db742e7068d0653452f87"}
}
