{"C:\\Users\\zewdu\\Desktop\\FILE\\coding\\microverse\\module_two\\Todolist_best_practice\\src\\module\\clearAllCompleted.js": {"path":"C:\\Users\\zewdu\\Desktop\\FILE\\coding\\microverse\\module_two\\Todolist_best_practice\\src\\module\\clearAllCompleted.js","statementMap":{"0":{"start":{"line":5,"column":26},"end":{"line":21,"column":1}},"1":{"start":{"line":6,"column":20},"end":{"line":6,"column":21}},"2":{"start":{"line":7,"column":2},"end":{"line":11,"column":3}},"3":{"start":{"line":7,"column":15},"end":{"line":7,"column":16}},"4":{"start":{"line":8,"column":4},"end":{"line":10,"column":5}},"5":{"start":{"line":9,"column":6},"end":{"line":9,"column":23}},"6":{"start":{"line":12,"column":2},"end":{"line":19,"column":3}},"7":{"start":{"line":12,"column":15},"end":{"line":12,"column":16}},"8":{"start":{"line":13,"column":4},"end":{"line":18,"column":5}},"9":{"start":{"line":13,"column":17},"end":{"line":13,"column":18}},"10":{"start":{"line":14,"column":6},"end":{"line":17,"column":7}},"11":{"start":{"line":15,"column":8},"end":{"line":15,"column":35}},"12":{"start":{"line":16,"column":8},"end":{"line":16,"column":26}},"13":{"start":{"line":20,"column":2},"end":{"line":20,"column":15}}},"fnMap":{"0":{"name":"(anonymous_0)","decl":{"start":{"line":5,"column":26},"end":{"line":5,"column":27}},"loc":{"start":{"line":5,"column":32},"end":{"line":21,"column":1}},"line":5}},"branchMap":{"0":{"loc":{"start":{"line":8,"column":4},"end":{"line":10,"column":5}},"type":"if","locations":[{"start":{"line":8,"column":4},"end":{"line":10,"column":5}},{"start":{},"end":{}}],"line":8},"1":{"loc":{"start":{"line":14,"column":6},"end":{"line":17,"column":7}},"type":"if","locations":[{"start":{"line":14,"column":6},"end":{"line":17,"column":7}},{"start":{},"end":{}}],"line":14}},"s":{"0":1,"1":2,"2":2,"3":2,"4":6,"5":2,"6":2,"7":2,"8":2,"9":2,"10":4,"11":2,"12":2,"13":2},"f":{"0":2},"b":{"0":[2,4],"1":[2,2]},"_coverageSchema":"1a1c01bbd47fc00a2c39e90264f33305004495a9","hash":"cb7fb6c21d602f1a5840c9f5af32393eb88e8eff"}
,"C:\\Users\\zewdu\\Desktop\\FILE\\coding\\microverse\\module_two\\Todolist_best_practice\\src\\module\\completeTask.js": {"path":"C:\\Users\\zewdu\\Desktop\\FILE\\coding\\microverse\\module_two\\Todolist_best_practice\\src\\module\\completeTask.js","statementMap":{"0":{"start":{"line":3,"column":21},"end":{"line":8,"column":1}},"1":{"start":{"line":4,"column":2},"end":{"line":6,"column":5}},"2":{"start":{"line":4,"column":27},"end":{"line":4,"column":49}},"3":{"start":{"line":5,"column":4},"end":{"line":5,"column":33}},"4":{"start":{"line":7,"column":2},"end":{"line":7,"column":15}}},"fnMap":{"0":{"name":"(anonymous_0)","decl":{"start":{"line":3,"column":21},"end":{"line":3,"column":22}},"loc":{"start":{"line":3,"column":43},"end":{"line":8,"column":1}},"line":3},"1":{"name":"(anonymous_1)","decl":{"start":{"line":4,"column":15},"end":{"line":4,"column":16}},"loc":{"start":{"line":4,"column":27},"end":{"line":4,"column":49}},"line":4},"2":{"name":"(anonymous_2)","decl":{"start":{"line":4,"column":59},"end":{"line":4,"column":60}},"loc":{"start":{"line":4,"column":71},"end":{"line":6,"column":3}},"line":4}},"branchMap":{},"s":{"0":2,"1":4,"2":16,"3":4,"4":4},"f":{"0":4,"1":16,"2":4},"b":{},"_coverageSchema":"1a1c01bbd47fc00a2c39e90264f33305004495a9","hash":"c091e9e86011923123c795c633ddbe00c9ec7c1b"}
,"C:\\Users\\zewdu\\Desktop\\FILE\\coding\\microverse\\module_two\\Todolist_best_practice\\src\\module\\createTask.js": {"path":"C:\\Users\\zewdu\\Desktop\\FILE\\coding\\microverse\\module_two\\Todolist_best_practice\\src\\module\\createTask.js","statementMap":{"0":{"start":{"line":3,"column":19},"end":{"line":11,"column":1}},"1":{"start":{"line":4,"column":15},"end":{"line":4,"column":17}},"2":{"start":{"line":5,"column":19},"end":{"line":5,"column":31}},"3":{"start":{"line":6,"column":2},"end":{"line":6,"column":33}},"4":{"start":{"line":7,"column":2},"end":{"line":7,"column":25}},"5":{"start":{"line":8,"column":2},"end":{"line":8,"column":28}},"6":{"start":{"line":9,"column":2},"end":{"line":9,"column":19}},"7":{"start":{"line":10,"column":2},"end":{"line":10,"column":15}}},"fnMap":{"0":{"name":"(anonymous_0)","decl":{"start":{"line":3,"column":19},"end":{"line":3,"column":20}},"loc":{"start":{"line":3,"column":36},"end":{"line":11,"column":1}},"line":3}},"branchMap":{},"s":{"0":7,"1":27,"2":27,"3":27,"4":27,"5":27,"6":27,"7":27},"f":{"0":27},"b":{},"_coverageSchema":"1a1c01bbd47fc00a2c39e90264f33305004495a9","hash":"f76529e64a501a373aca440c1090a309d449d806"}
,"C:\\Users\\zewdu\\Desktop\\FILE\\coding\\microverse\\module_two\\Todolist_best_practice\\src\\module\\deleteTask.js": {"path":"C:\\Users\\zewdu\\Desktop\\FILE\\coding\\microverse\\module_two\\Todolist_best_practice\\src\\module\\deleteTask.js","statementMap":{"0":{"start":{"line":3,"column":19},"end":{"line":13,"column":1}},"1":{"start":{"line":4,"column":15},"end":{"line":4,"column":59}},"2":{"start":{"line":4,"column":38},"end":{"line":4,"column":58}},"3":{"start":{"line":5,"column":2},"end":{"line":5,"column":19}},"4":{"start":{"line":6,"column":16},"end":{"line":6,"column":17}},"5":{"start":{"line":7,"column":2},"end":{"line":11,"column":5}},"6":{"start":{"line":8,"column":4},"end":{"line":8,"column":28}},"7":{"start":{"line":9,"column":4},"end":{"line":9,"column":24}},"8":{"start":{"line":10,"column":4},"end":{"line":10,"column":17}},"9":{"start":{"line":12,"column":2},"end":{"line":12,"column":15}}},"fnMap":{"0":{"name":"(anonymous_0)","decl":{"start":{"line":3,"column":19},"end":{"line":3,"column":20}},"loc":{"start":{"line":3,"column":30},"end":{"line":13,"column":1}},"line":3},"1":{"name":"(anonymous_1)","decl":{"start":{"line":4,"column":28},"end":{"line":4,"column":29}},"loc":{"start":{"line":4,"column":38},"end":{"line":4,"column":58}},"line":4},"2":{"name":"(anonymous_2)","decl":{"start":{"line":7,"column":15},"end":{"line":7,"column":16}},"loc":{"start":{"line":7,"column":28},"end":{"line":11,"column":3}},"line":7}},"branchMap":{},"s":{"0":2,"1":4,"2":14,"3":4,"4":4,"5":4,"6":10,"7":10,"8":10,"9":4},"f":{"0":4,"1":14,"2":10},"b":{},"_coverageSchema":"1a1c01bbd47fc00a2c39e90264f33305004495a9","hash":"3bba5352b650ad728574f8f14dfebf74ec33f955"}
,"C:\\Users\\zewdu\\Desktop\\FILE\\coding\\microverse\\module_two\\Todolist_best_practice\\src\\module\\localStorage.js": {"path":"C:\\Users\\zewdu\\Desktop\\FILE\\coding\\microverse\\module_two\\Todolist_best_practice\\src\\module\\localStorage.js","statementMap":{"0":{"start":{"line":1,"column":19},"end":{"line":3,"column":1}},"1":{"start":{"line":2,"column":2},"end":{"line":2,"column":62}},"2":{"start":{"line":4,"column":17},"end":{"line":4,"column":71}},"3":{"start":{"line":4,"column":23},"end":{"line":4,"column":71}}},"fnMap":{"0":{"name":"(anonymous_0)","decl":{"start":{"line":1,"column":19},"end":{"line":1,"column":20}},"loc":{"start":{"line":1,"column":30},"end":{"line":3,"column":1}},"line":1},"1":{"name":"(anonymous_1)","decl":{"start":{"line":4,"column":17},"end":{"line":4,"column":18}},"loc":{"start":{"line":4,"column":23},"end":{"line":4,"column":71}},"line":4}},"branchMap":{},"s":{"0":2,"1":4,"2":2,"3":1},"f":{"0":4,"1":1},"b":{},"_coverageSchema":"1a1c01bbd47fc00a2c39e90264f33305004495a9","hash":"33f3a6da00c732ade169d239474f3050d9466ba6"}
,"C:\\Users\\zewdu\\Desktop\\FILE\\coding\\microverse\\module_two\\Todolist_best_practice\\src\\module\\taskStore.js": {"path":"C:\\Users\\zewdu\\Desktop\\FILE\\coding\\microverse\\module_two\\Todolist_best_practice\\src\\module\\taskStore.js","statementMap":{"0":{"start":{"line":1,"column":14},"end":{"line":1,"column":16}}},"fnMap":{},"branchMap":{},"s":{"0":7},"f":{},"b":{},"_coverageSchema":"1a1c01bbd47fc00a2c39e90264f33305004495a9","hash":"ad83181f5d7ef3145a4db742e7068d0653452f87"}
,"C:\\Users\\zewdu\\Desktop\\FILE\\coding\\microverse\\module_two\\Todolist_best_practice\\src\\module\\updateTask.js": {"path":"C:\\Users\\zewdu\\Desktop\\FILE\\coding\\microverse\\module_two\\Todolist_best_practice\\src\\module\\updateTask.js","statementMap":{"0":{"start":{"line":3,"column":19},"end":{"line":8,"column":1}},"1":{"start":{"line":4,"column":2},"end":{"line":6,"column":5}},"2":{"start":{"line":4,"column":27},"end":{"line":4,"column":49}},"3":{"start":{"line":5,"column":4},"end":{"line":5,"column":37}},"4":{"start":{"line":7,"column":2},"end":{"line":7,"column":15}}},"fnMap":{"0":{"name":"(anonymous_0)","decl":{"start":{"line":3,"column":19},"end":{"line":3,"column":20}},"loc":{"start":{"line":3,"column":43},"end":{"line":8,"column":1}},"line":3},"1":{"name":"(anonymous_1)","decl":{"start":{"line":4,"column":15},"end":{"line":4,"column":16}},"loc":{"start":{"line":4,"column":27},"end":{"line":4,"column":49}},"line":4},"2":{"name":"(anonymous_2)","decl":{"start":{"line":4,"column":59},"end":{"line":4,"column":60}},"loc":{"start":{"line":4,"column":71},"end":{"line":6,"column":3}},"line":4}},"branchMap":{},"s":{"0":1,"1":2,"2":8,"3":2,"4":2},"f":{"0":2,"1":8,"2":2},"b":{},"_coverageSchema":"1a1c01bbd47fc00a2c39e90264f33305004495a9","hash":"c1d5606579f036dfe49e7608ccb86d0315febc60"}
}
