TN:
SF:src\module\clearAllCompleted.js
FN:5,(anonymous_0)
FNF:1
FNH:1
FNDA:2,(anonymous_0)
DA:5,1
DA:6,2
DA:7,2
DA:8,6
DA:9,2
DA:12,2
DA:13,2
DA:14,4
DA:15,2
DA:16,2
DA:20,2
LF:11
LH:11
BRDA:8,0,0,2
BRDA:8,0,1,4
BRDA:14,1,0,2
BRDA:14,1,1,2
BRF:4
BRH:4
end_of_record
TN:
SF:src\module\completeTask.js
FN:3,(anonymous_0)
FN:4,(anonymous_1)
FN:4,(anonymous_2)
FNF:3
FNH:3
FNDA:4,(anonymous_0)
FNDA:16,(anonymous_1)
FNDA:4,(anonymous_2)
DA:3,2
DA:4,16
DA:5,4
DA:7,4
LF:4
LH:4
BRF:0
BRH:0
end_of_record
TN:
SF:src\module\createTask.js
FN:3,(anonymous_0)
FNF:1
FNH:1
FNDA:27,(anonymous_0)
DA:3,7
DA:4,27
DA:5,27
DA:6,27
DA:7,27
DA:8,27
DA:9,27
DA:10,27
LF:8
LH:8
BRF:0
BRH:0
end_of_record
TN:
SF:src\module\deleteTask.js
FN:3,(anonymous_0)
FN:4,(anonymous_1)
FN:7,(anonymous_2)
FNF:3
FNH:3
FNDA:4,(anonymous_0)
FNDA:14,(anonymous_1)
FNDA:10,(anonymous_2)
DA:3,2
DA:4,14
DA:5,4
DA:6,4
DA:7,4
DA:8,10
DA:9,10
DA:10,10
DA:12,4
LF:9
LH:9
BRF:0
BRH:0
end_of_record
TN:
SF:src\module\localStorage.js
FN:1,(anonymous_0)
FN:4,(anonymous_1)
FNF:2
FNH:2
FNDA:4,(anonymous_0)
FNDA:1,(anonymous_1)
DA:1,2
DA:2,4
DA:4,2
LF:3
LH:3
BRF:0
BRH:0
end_of_record
TN:
SF:src\module\taskStore.js
FNF:0
FNH:0
DA:1,7
LF:1
LH:1
BRF:0
BRH:0
end_of_record
TN:
SF:src\module\updateTask.js
FN:3,(anonymous_0)
FN:4,(anonymous_1)
FN:4,(anonymous_2)
FNF:3
FNH:3
FNDA:2,(anonymous_0)
FNDA:8,(anonymous_1)
FNDA:2,(anonymous_2)
DA:3,1
DA:4,8
DA:5,2
DA:7,2
LF:4
LH:4
BRF:0
BRH:0
end_of_record
